<?xml version="1.0" encoding="UTF-8"?>
<!-- Generated by org.testng.reporters.JUnitReportReporter -->
<testsuite hostname="TD-0370.local" name="com.qa.test.TestTdApi" tests="6" failures="0" timestamp="2 May 2019 23:20:15 GMT" time="6.698" errors="0">
  <testcase name="testGetForDatabaseList" time="2.188" classname="com.qa.test.TestTdApi"/>
  <testcase name="testGetForAccountList" time="0.887" classname="com.qa.test.TestTdApi"/>
  <testcase name="testCreateDatabase" time="1.714" classname="com.qa.test.TestTdApi"/>
  <testcase name="testDeleteDatabase" time="0.599" classname="com.qa.test.TestTdApi"/>
  <testcase name="testToVerifyStatus" time="0.761" classname="com.qa.test.TestTdApi"/>
  <testcase name="testGetTableInDatabase" time="0.549" classname="com.qa.test.TestTdApi"/>
</testsuite> <!-- com.qa.test.TestTdApi -->
